2022-01-05 12:15:59.578 [main] INFO  h.n.p.torpedo.service.MapGenerator - Generating map
2022-01-05 12:16:01.284 [main] ERROR h.n.p.t.p.XmlGameSaveRepository - Error while saving gamestate to XML
jakarta.xml.bind.JAXBException: null
2022-01-05 12:16:04.211 [main] INFO  h.n.p.torpedo.service.MapGenerator - Generating map
2022-01-05 12:16:04.212 [main] INFO  h.n.p.torpedo.service.MapGenerator - Generating map
2022-01-05 12:20:50.242 [main] INFO  h.n.p.torpedo.service.MapGenerator - Generating map
2022-01-05 12:20:50.246 [main] INFO  h.n.p.torpedo.service.MapGenerator - Generating map
2022-01-05 12:21:44.929 [main] INFO  h.n.p.torpedo.service.MapGenerator - Generating map
2022-01-05 12:21:44.933 [main] INFO  h.n.p.torpedo.service.MapGenerator - Generating map
2022-01-05 12:23:15.104 [main] INFO  h.n.p.torpedo.service.MapGenerator - Generating map
2022-01-05 12:23:15.108 [main] INFO  h.n.p.torpedo.service.MapGenerator - Generating map
2022-01-05 12:27:01.411 [main] INFO  h.n.p.torpedo.ui.CharMapPrinter - Printing charmap
2022-01-05 12:27:01.431 [main] INFO  h.n.p.torpedo.ui.CharMapPrinter - Printing charmap
2022-01-05 12:38:34.516 [main] INFO  h.n.p.torpedo.service.MapGenerator - Generating map
2022-01-05 12:38:34.533 [main] INFO  h.n.p.torpedo.service.MapGenerator - Generating map
2022-01-05 12:38:39.298 [main] INFO  h.n.p.torpedo.service.MapGenerator - Generating map
2022-01-05 12:38:39.302 [main] INFO  h.n.p.torpedo.service.MapGenerator - Generating map
2022-01-05 12:39:52.095 [main] INFO  h.n.p.torpedo.service.MapGenerator - Generating map
2022-01-05 12:39:52.100 [main] INFO  h.n.p.torpedo.service.MapGenerator - Generating map
2022-01-05 13:43:37.609 [main] INFO  h.n.p.torpedo.service.MapGenerator - Generating map
2022-01-05 13:43:38.695 [main] ERROR h.n.p.t.p.XmlGameSaveRepository - Error while saving gamestate to XML
jakarta.xml.bind.JAXBException: null
2022-01-05 13:43:41.252 [main] INFO  h.n.p.torpedo.service.MapGenerator - Generating map
2022-01-05 13:43:41.253 [main] INFO  h.n.p.torpedo.service.MapGenerator - Generating map
2022-01-05 14:41:40.440 [main] INFO  h.n.p.torpedo.service.MapGenerator - Generating map
2022-01-05 14:41:40.463 [main] INFO  h.n.p.torpedo.service.MapGenerator - Generating map
2022-01-05 14:41:42.478 [main] WARN  o.s.c.a.AnnotationConfigApplicationContext - Exception encountered during context initialization - cancelling refresh attempt: org.springframework.beans.factory.BeanCreationException: Error creating bean with name 'connection' defined in hu.nye.progtech.torpedo.configuration.ApplicationConfiguration: Bean instantiation via factory method failed; nested exception is org.springframework.beans.BeanInstantiationException: Failed to instantiate [java.sql.Connection]: Factory method 'connection' threw exception; nested exception is org.h2.jdbc.JdbcSQLNonTransientConnectionException: Connection is broken: "java.net.SocketTimeoutException: connect timed out: localhost" [90067-199]
2022-01-05 14:42:36.901 [main] INFO  h.n.p.torpedo.service.MapGenerator - Generating map
2022-01-05 14:42:36.905 [main] INFO  h.n.p.torpedo.service.MapGenerator - Generating map
2022-01-05 14:42:38.910 [main] WARN  o.s.c.a.AnnotationConfigApplicationContext - Exception encountered during context initialization - cancelling refresh attempt: org.springframework.beans.factory.BeanCreationException: Error creating bean with name 'connection' defined in hu.nye.progtech.torpedo.configuration.ApplicationConfiguration: Bean instantiation via factory method failed; nested exception is org.springframework.beans.BeanInstantiationException: Failed to instantiate [java.sql.Connection]: Factory method 'connection' threw exception; nested exception is org.h2.jdbc.JdbcSQLNonTransientConnectionException: Connection is broken: "java.net.SocketTimeoutException: connect timed out: localhost" [90067-199]
2022-01-05 14:43:50.632 [main] INFO  h.n.p.torpedo.service.MapGenerator - Generating map
2022-01-05 14:43:50.636 [main] INFO  h.n.p.torpedo.service.MapGenerator - Generating map
2022-01-05 15:00:10.782 [main] INFO  h.n.p.torpedo.service.MapGenerator - Generating map
2022-01-05 15:00:10.811 [main] INFO  h.n.p.torpedo.service.MapGenerator - Generating map
2022-01-05 15:00:10.817 [main] WARN  o.s.c.a.AnnotationConfigApplicationContext - Exception encountered during context initialization - cancelling refresh attempt: org.springframework.beans.factory.BeanCreationException: Error creating bean with name 'connection' defined in hu.nye.progtech.torpedo.configuration.ApplicationConfiguration: Bean instantiation via factory method failed; nested exception is org.springframework.beans.BeanInstantiationException: Failed to instantiate [java.sql.Connection]: Factory method 'connection' threw exception; nested exception is java.sql.SQLException: No suitable driver found for jdbc:h2:tcp://localhost/./progtech
2022-01-05 15:01:46.446 [main] INFO  h.n.p.torpedo.service.MapGenerator - Generating map
2022-01-05 15:01:46.462 [main] INFO  h.n.p.torpedo.service.MapGenerator - Generating map
2022-01-05 15:21:16.206 [main] INFO  h.n.p.torpedo.service.MapGenerator - Generating map
2022-01-05 15:21:16.242 [main] INFO  h.n.p.torpedo.service.MapGenerator - Generating map
2022-01-05 15:23:40.832 [main] INFO  h.n.p.torpedo.service.MapGenerator - Generating map
2022-01-05 15:23:40.854 [main] INFO  h.n.p.torpedo.service.MapGenerator - Generating map
2022-01-05 15:25:58.694 [main] INFO  h.n.p.torpedo.service.MapGenerator - Generating map
2022-01-05 15:25:59.658 [main] ERROR h.n.p.t.p.XmlGameSaveRepository - Error while saving gamestate to XML
jakarta.xml.bind.JAXBException: null
2022-01-05 15:39:27.681 [main] INFO  h.n.p.torpedo.service.MapGenerator - Generating map
2022-01-05 15:39:29.782 [main] INFO  h.n.p.torpedo.service.MapGenerator - Generating map
2022-01-05 15:39:29.782 [main] INFO  h.n.p.torpedo.service.CommandHandler - Unknown command
2022-01-05 15:39:29.791 [main] INFO  h.n.p.torpedo.service.MapGenerator - Generating map
2022-01-05 15:39:29.799 [main] INFO  h.n.p.torpedo.ui.CharMapPrinter - Printing charmap
2022-01-05 15:39:29.823 [main] INFO  h.n.p.torpedo.service.MapGenerator - Generating map
2022-01-05 15:39:30.957 [main] ERROR h.n.p.t.p.XmlGameSaveRepository - Error while saving gamestate to XML
jakarta.xml.bind.JAXBException: null
2022-01-05 15:44:37.783 [main] INFO  h.n.p.torpedo.service.MapGenerator - Generating map
2022-01-05 15:44:39.809 [main] INFO  h.n.p.torpedo.service.MapGenerator - Generating map
2022-01-05 15:44:39.810 [main] INFO  h.n.p.torpedo.service.CommandHandler - Unknown command
2022-01-05 15:44:39.821 [main] INFO  h.n.p.torpedo.service.MapGenerator - Generating map
2022-01-05 15:44:39.829 [main] INFO  h.n.p.torpedo.ui.CharMapPrinter - Printing charmap
2022-01-05 15:44:39.853 [main] INFO  h.n.p.torpedo.service.MapGenerator - Generating map
2022-01-05 15:44:41.075 [main] ERROR h.n.p.t.p.XmlGameSaveRepository - Error while saving gamestate to XML
jakarta.xml.bind.JAXBException: null
2022-01-05 15:46:51.550 [main] INFO  h.n.p.torpedo.service.MapGenerator - Generating map
2022-01-05 15:46:53.579 [main] INFO  h.n.p.torpedo.service.MapGenerator - Generating map
2022-01-05 15:46:53.579 [main] INFO  h.n.p.torpedo.service.CommandHandler - Unknown command
2022-01-05 15:46:53.586 [main] INFO  h.n.p.torpedo.service.MapGenerator - Generating map
2022-01-05 15:46:53.598 [main] INFO  h.n.p.torpedo.ui.CharMapPrinter - Printing charmap
2022-01-05 15:46:53.622 [main] INFO  h.n.p.torpedo.service.MapGenerator - Generating map
2022-01-05 15:46:54.571 [main] ERROR h.n.p.t.p.XmlGameSaveRepository - Error while saving gamestate to XML
jakarta.xml.bind.JAXBException: null
2022-01-05 15:50:31.628 [main] INFO  h.n.p.torpedo.service.MapGenerator - Generating map
2022-01-05 15:50:33.660 [main] INFO  h.n.p.torpedo.service.MapGenerator - Generating map
2022-01-05 15:50:33.661 [main] INFO  h.n.p.torpedo.service.CommandHandler - Unknown command
2022-01-05 15:50:33.667 [main] INFO  h.n.p.torpedo.service.MapGenerator - Generating map
2022-01-05 15:50:33.674 [main] INFO  h.n.p.torpedo.ui.CharMapPrinter - Printing charmap
2022-01-05 15:50:33.702 [main] INFO  h.n.p.torpedo.service.MapGenerator - Generating map
2022-01-05 15:50:34.656 [main] ERROR h.n.p.t.p.XmlGameSaveRepository - Error while saving gamestate to XML
jakarta.xml.bind.JAXBException: null
2022-01-05 16:02:05.005 [main] INFO  h.n.p.torpedo.service.MapGenerator - Generating map
2022-01-05 16:02:07.046 [main] INFO  h.n.p.torpedo.service.MapGenerator - Generating map
2022-01-05 16:02:07.047 [main] INFO  h.n.p.torpedo.service.CommandHandler - Unknown command
2022-01-05 16:02:07.056 [main] INFO  h.n.p.torpedo.service.MapGenerator - Generating map
2022-01-05 16:02:07.065 [main] INFO  h.n.p.torpedo.ui.CharMapPrinter - Printing charmap
2022-01-05 16:02:07.110 [main] INFO  h.n.p.torpedo.service.MapGenerator - Generating map
2022-01-05 16:02:09.014 [main] ERROR h.n.p.t.p.XmlGameSaveRepository - Error while saving gamestate to XML
jakarta.xml.bind.JAXBException: null
2022-01-05 16:04:54.289 [main] INFO  h.n.p.torpedo.service.MapGenerator - Generating map
2022-01-05 16:04:56.327 [main] INFO  h.n.p.torpedo.service.MapGenerator - Generating map
2022-01-05 16:04:56.328 [main] INFO  h.n.p.torpedo.service.CommandHandler - Unknown command
2022-01-05 16:04:56.336 [main] INFO  h.n.p.torpedo.service.MapGenerator - Generating map
2022-01-05 16:04:56.343 [main] INFO  h.n.p.torpedo.ui.CharMapPrinter - Printing charmap
2022-01-05 16:04:56.379 [main] INFO  h.n.p.torpedo.service.MapGenerator - Generating map
2022-01-05 16:04:57.527 [main] ERROR h.n.p.t.p.XmlGameSaveRepository - Error while saving gamestate to XML
jakarta.xml.bind.JAXBException: null
2022-01-05 16:07:33.865 [main] INFO  h.n.p.torpedo.service.MapGenerator - Generating map
2022-01-05 16:07:35.900 [main] INFO  h.n.p.torpedo.service.MapGenerator - Generating map
2022-01-05 16:07:35.900 [main] INFO  h.n.p.torpedo.service.CommandHandler - Unknown command
2022-01-05 16:07:35.909 [main] INFO  h.n.p.torpedo.service.MapGenerator - Generating map
2022-01-05 16:07:35.917 [main] INFO  h.n.p.torpedo.ui.CharMapPrinter - Printing charmap
2022-01-05 16:07:35.954 [main] INFO  h.n.p.torpedo.service.MapGenerator - Generating map
2022-01-05 16:07:37.102 [main] ERROR h.n.p.t.p.XmlGameSaveRepository - Error while saving gamestate to XML
jakarta.xml.bind.JAXBException: null
2022-01-05 16:09:07.844 [main] INFO  h.n.p.torpedo.service.MapGenerator - Generating map
2022-01-05 16:09:09.880 [main] INFO  h.n.p.torpedo.service.MapGenerator - Generating map
2022-01-05 16:09:09.880 [main] INFO  h.n.p.torpedo.service.CommandHandler - Unknown command
2022-01-05 16:09:09.888 [main] INFO  h.n.p.torpedo.service.MapGenerator - Generating map
2022-01-05 16:09:09.896 [main] INFO  h.n.p.torpedo.ui.CharMapPrinter - Printing charmap
2022-01-05 16:09:09.926 [main] INFO  h.n.p.torpedo.service.MapGenerator - Generating map
2022-01-05 16:09:10.927 [main] ERROR h.n.p.t.p.XmlGameSaveRepository - Error while saving gamestate to XML
jakarta.xml.bind.JAXBException: null
2022-01-05 16:10:32.770 [main] INFO  h.n.p.torpedo.service.MapGenerator - Generating map
2022-01-05 16:10:34.804 [main] INFO  h.n.p.torpedo.service.MapGenerator - Generating map
2022-01-05 16:10:34.805 [main] INFO  h.n.p.torpedo.service.CommandHandler - Unknown command
2022-01-05 16:10:34.814 [main] INFO  h.n.p.torpedo.service.MapGenerator - Generating map
2022-01-05 16:10:34.823 [main] INFO  h.n.p.torpedo.ui.CharMapPrinter - Printing charmap
2022-01-05 16:10:34.854 [main] INFO  h.n.p.torpedo.service.MapGenerator - Generating map
2022-01-05 16:10:35.905 [main] ERROR h.n.p.t.p.XmlGameSaveRepository - Error while saving gamestate to XML
jakarta.xml.bind.JAXBException: null
